f:\sparkplug\sparkplug\x64\debug\vc142.pdb
f:\sparkplug\sparkplug\x64\debug\vc142.idb
f:\sparkplug\sparkplug\x64\debug\window.nativecodeanalysis.sarif
f:\sparkplug\sparkplug\x64\debug\window.nativecodeanalysis.xml
f:\sparkplug\sparkplug\x64\debug\swapchain.nativecodeanalysis.sarif
f:\sparkplug\sparkplug\x64\debug\swapchain.nativecodeanalysis.xml
f:\sparkplug\sparkplug\x64\debug\sparkplug.nativecodeanalysis.sarif
f:\sparkplug\sparkplug\x64\debug\sparkplug.nativecodeanalysis.xml
f:\sparkplug\sparkplug\x64\debug\renderpass.nativecodeanalysis.sarif
f:\sparkplug\sparkplug\x64\debug\renderpass.nativecodeanalysis.xml
f:\sparkplug\sparkplug\x64\debug\physicaldevice.nativecodeanalysis.sarif
f:\sparkplug\sparkplug\x64\debug\physicaldevice.nativecodeanalysis.xml
f:\sparkplug\sparkplug\x64\debug\main.nativecodeanalysis.sarif
f:\sparkplug\sparkplug\x64\debug\main.nativecodeanalysis.xml
f:\sparkplug\sparkplug\x64\debug\logicaldevice.nativecodeanalysis.sarif
f:\sparkplug\sparkplug\x64\debug\logicaldevice.nativecodeanalysis.xml
f:\sparkplug\sparkplug\x64\debug\instance.nativecodeanalysis.sarif
f:\sparkplug\sparkplug\x64\debug\instance.nativecodeanalysis.xml
f:\sparkplug\sparkplug\x64\debug\graphicspipeline.nativecodeanalysis.sarif
f:\sparkplug\sparkplug\x64\debug\graphicspipeline.nativecodeanalysis.xml
f:\sparkplug\sparkplug\x64\debug\commandpool.nativecodeanalysis.sarif
f:\sparkplug\sparkplug\x64\debug\commandpool.nativecodeanalysis.xml
f:\sparkplug\sparkplug\x64\debug\commandpool.obj
f:\sparkplug\sparkplug\x64\debug\graphicspipeline.obj
f:\sparkplug\sparkplug\x64\debug\instance.obj
f:\sparkplug\sparkplug\x64\debug\logicaldevice.obj
f:\sparkplug\sparkplug\x64\debug\main.obj
f:\sparkplug\sparkplug\x64\debug\physicaldevice.obj
f:\sparkplug\sparkplug\x64\debug\renderpass.obj
f:\sparkplug\sparkplug\x64\debug\sparkplug.obj
f:\sparkplug\sparkplug\x64\debug\swapchain.obj
f:\sparkplug\sparkplug\x64\debug\window.obj
f:\sparkplug\sparkplug\x64\debug\sparkplug.ilk
f:\sparkplug\sparkplug\x64\debug\sparkplug.exe
f:\sparkplug\sparkplug\x64\debug\sparkplug.pdb
f:\sparkplug\sparkplug\x64\debug\nativecodeanalysis.read.1.tlog
f:\sparkplug\sparkplug\x64\debug\vc.nativecodeanalysis.all.xml
f:\sparkplug\sparkplug\x64\debug\sparkplug.exe.lastcodeanalysissucceeded
f:\sparkplug\sparkplug\x64\debug\sparkplug.tlog\cl.command.1.tlog
f:\sparkplug\sparkplug\x64\debug\sparkplug.tlog\cl.read.1.tlog
f:\sparkplug\sparkplug\x64\debug\sparkplug.tlog\cl.write.1.tlog
f:\sparkplug\sparkplug\x64\debug\sparkplug.tlog\link.command.1.tlog
f:\sparkplug\sparkplug\x64\debug\sparkplug.tlog\link.read.1.tlog
f:\sparkplug\sparkplug\x64\debug\sparkplug.tlog\link.write.1.tlog
